
  .   ____          _            __ _ _
 /\\ / ___'_ __ _ _(_)_ __  __ _ \ \ \ \
( ( )\___ | '_ | '_| | '_ \/ _` | \ \ \ \
 \\/  ___)| |_)| | | | | || (_| |  ) ) ) )
  '  |____| .__|_| |_|_| |_\__, | / / / /
 =========|_|==============|___/=/_/_/_/
 :: Spring Boot ::                (v3.2.3)

2026-03-14T02:55:19.164Z  INFO 5034 --- [TrackWarrants] [           main] o.t.trackwarrants.main.MainApplication   : Starting MainApplication v0.0.1-SNAPSHOT using Java 17.0.18 with PID 5034 (/home/runner/work/TrackWarrants/TrackWarrants/main/target/main-0.0.1-SNAPSHOT.jar started by runner in /home/runner/work/TrackWarrants/TrackWarrants)
2026-03-14T02:55:19.169Z DEBUG 5034 --- [TrackWarrants] [           main] o.t.trackwarrants.main.MainApplication   : Running with Spring Boot v3.2.3, Spring v6.1.4
2026-03-14T02:55:19.170Z  INFO 5034 --- [TrackWarrants] [           main] o.t.trackwarrants.main.MainApplication   : No active profile set, falling back to 1 default profile: "default"
2026-03-14T02:55:20.018Z  INFO 5034 --- [TrackWarrants] [           main] .s.d.r.c.RepositoryConfigurationDelegate : Bootstrapping Spring Data JPA repositories in DEFAULT mode.
2026-03-14T02:55:20.055Z  INFO 5034 --- [TrackWarrants] [           main] .s.d.r.c.RepositoryConfigurationDelegate : Finished Spring Data repository scanning in 29 ms. Found 1 JPA repository interface.
2026-03-14T02:55:21.189Z  INFO 5034 --- [TrackWarrants] [           main] o.s.b.w.embedded.tomcat.TomcatWebServer  : Tomcat initialized with port 8080 (http)
2026-03-14T02:55:21.204Z  INFO 5034 --- [TrackWarrants] [           main] o.apache.catalina.core.StandardService   : Starting service [Tomcat]
2026-03-14T02:55:21.204Z  INFO 5034 --- [TrackWarrants] [           main] o.apache.catalina.core.StandardEngine    : Starting Servlet engine: [Apache Tomcat/10.1.19]
2026-03-14T02:55:21.252Z  INFO 5034 --- [TrackWarrants] [           main] o.a.c.c.C.[Tomcat].[localhost].[/]       : Initializing Spring embedded WebApplicationContext
2026-03-14T02:55:21.253Z  INFO 5034 --- [TrackWarrants] [           main] w.s.c.ServletWebServerApplicationContext : Root WebApplicationContext: initialization completed in 1965 ms
2026-03-14T02:55:21.423Z  INFO 5034 --- [TrackWarrants] [           main] com.zaxxer.hikari.HikariDataSource       : HikariPool-1 - Starting...
2026-03-14T02:55:21.667Z  INFO 5034 --- [TrackWarrants] [           main] com.zaxxer.hikari.pool.HikariPool        : HikariPool-1 - Added connection conn0: url=jdbc:h2:mem:trackwarrants user=SA
2026-03-14T02:55:21.669Z  INFO 5034 --- [TrackWarrants] [           main] com.zaxxer.hikari.HikariDataSource       : HikariPool-1 - Start completed.
2026-03-14T02:55:21.683Z  INFO 5034 --- [TrackWarrants] [           main] o.s.b.a.h2.H2ConsoleAutoConfiguration    : H2 console available at '/h2-console'. Database available at 'jdbc:h2:mem:trackwarrants'
2026-03-14T02:55:21.881Z  INFO 5034 --- [TrackWarrants] [           main] o.hibernate.jpa.internal.util.LogHelper  : HHH000204: Processing PersistenceUnitInfo [name: default]
2026-03-14T02:55:21.930Z  INFO 5034 --- [TrackWarrants] [           main] org.hibernate.Version                    : HHH000412: Hibernate ORM core version 6.4.4.Final
2026-03-14T02:55:21.968Z  INFO 5034 --- [TrackWarrants] [           main] o.h.c.internal.RegionFactoryInitiator    : HHH000026: Second-level cache disabled
2026-03-14T02:55:22.185Z  INFO 5034 --- [TrackWarrants] [           main] o.s.o.j.p.SpringPersistenceUnitInfo      : No LoadTimeWeaver setup: ignoring JPA class transformer
2026-03-14T02:55:22.225Z  WARN 5034 --- [TrackWarrants] [           main] org.hibernate.orm.deprecation            : HHH90000025: H2Dialect does not need to be specified explicitly using 'hibernate.dialect' (remove the property setting and it will be selected by default)
2026-03-14T02:55:23.077Z  INFO 5034 --- [TrackWarrants] [           main] o.h.e.t.j.p.i.JtaPlatformInitiator       : HHH000489: No JTA platform available (set 'hibernate.transaction.jta.platform' to enable JTA platform integration)
Hibernate: 
    drop table if exists track_warrants cascade 
Hibernate: 
    create table track_warrants (
        line10checked boolean,
        line15checked boolean,
        line8checked boolean,
        warrant_number integer not null,
        created_date_time timestamp(6) not null,
        id bigint generated by default as identity,
        issued_date_time timestamp(6) not null,
        last_modified_date_time timestamp(6),
        line16text varchar(500),
        line17text varchar(500),
        copied_by varchar(255),
        dispatcher varchar(255),
        issued_by varchar(255),
        limits_clear_at varchar(255),
        limits_clear_by varchar(255),
        line11from varchar(255),
        line11to varchar(255),
        line12from varchar(255),
        line12to varchar(255),
        line13from varchar(255),
        line13mph varchar(255),
        line13to varchar(255),
        line14from varchar(255),
        line14mph varchar(255),
        line14to varchar(255),
        line1void_number varchar(255),
        line2from varchar(255),
        line2to varchar(255),
        line2track varchar(255),
        line3from varchar(255),
        line3to varchar(255),
        line3track varchar(255),
        line4from varchar(255),
        line4to varchar(255),
        line4track varchar(255),
        line5until varchar(255),
        line6time varchar(255),
        line7at varchar(255),
        line7train varchar(255),
        line9ahead varchar(255),
        location varchar(255),
        ok_time varchar(255),
        relayed_to varchar(255),
        starting_location varchar(255) not null,
        status varchar(255) not null check (status in ('ACTIVE','EXPIRED','CANCELLED','VOID')),
        train_crew varchar(255),
        train_id varchar(255) not null,
        warrant_date varchar(255) not null,
        warrant_id varchar(255) not null unique,
        primary key (id)
    )
2026-03-14T02:55:23.121Z  INFO 5034 --- [TrackWarrants] [           main] j.LocalContainerEntityManagerFactoryBean : Initialized JPA EntityManagerFactory for persistence unit 'default'
2026-03-14T02:55:23.802Z  WARN 5034 --- [TrackWarrants] [           main] JpaBaseConfiguration$JpaWebConfiguration : spring.jpa.open-in-view is enabled by default. Therefore, database queries may be performed during view rendering. Explicitly configure spring.jpa.open-in-view to disable this warning
2026-03-14T02:55:23.842Z  INFO 5034 --- [TrackWarrants] [           main] o.s.b.a.w.s.WelcomePageHandlerMapping    : Adding welcome page: class path resource [static/index.html]
2026-03-14T02:55:24.629Z  INFO 5034 --- [TrackWarrants] [           main] o.s.b.a.e.web.EndpointLinksResolver      : Exposing 1 endpoint(s) beneath base path '/actuator'
2026-03-14T02:55:24.728Z  INFO 5034 --- [TrackWarrants] [           main] o.s.b.w.embedded.tomcat.TomcatWebServer  : Tomcat started on port 8080 (http) with context path ''
2026-03-14T02:55:24.753Z  INFO 5034 --- [TrackWarrants] [           main] o.t.trackwarrants.main.MainApplication   : Started MainApplication in 6.141 seconds (process running for 6.687)
2026-03-14T02:55:24.794Z  INFO 5034 --- [TrackWarrants] [           main] o.t.t.main.config.DataInitializer        : Initializing sample track warrants...
Hibernate: 
    insert 
    into
        track_warrants
        (copied_by, created_date_time, dispatcher, issued_by, issued_date_time, last_modified_date_time, limits_clear_at, limits_clear_by, line10checked, line11from, line11to, line12from, line12to, line13from, line13mph, line13to, line14from, line14mph, line14to, line15checked, line16text, line17text, line1void_number, line2from, line2to, line2track, line3from, line3to, line3track, line4from, line4to, line4track, line5until, line6time, line7at, line7train, line8checked, line9ahead, location, ok_time, relayed_to, starting_location, status, train_crew, train_id, warrant_date, warrant_id, warrant_number, id) 
    values
        (?, ?, ?, ?, ?, ?, ?, ?, ?, ?, ?, ?, ?, ?, ?, ?, ?, ?, ?, ?, ?, ?, ?, ?, ?, ?, ?, ?, ?, ?, ?, ?, ?, ?, ?, ?, ?, ?, ?, ?, ?, ?, ?, ?, ?, ?, ?, ?, default)
Hibernate: 
    insert 
    into
        track_warrants
        (copied_by, created_date_time, dispatcher, issued_by, issued_date_time, last_modified_date_time, limits_clear_at, limits_clear_by, line10checked, line11from, line11to, line12from, line12to, line13from, line13mph, line13to, line14from, line14mph, line14to, line15checked, line16text, line17text, line1void_number, line2from, line2to, line2track, line3from, line3to, line3track, line4from, line4to, line4track, line5until, line6time, line7at, line7train, line8checked, line9ahead, location, ok_time, relayed_to, starting_location, status, train_crew, train_id, warrant_date, warrant_id, warrant_number, id) 
    values
        (?, ?, ?, ?, ?, ?, ?, ?, ?, ?, ?, ?, ?, ?, ?, ?, ?, ?, ?, ?, ?, ?, ?, ?, ?, ?, ?, ?, ?, ?, ?, ?, ?, ?, ?, ?, ?, ?, ?, ?, ?, ?, ?, ?, ?, ?, ?, ?, default)
Hibernate: 
    insert 
    into
        track_warrants
        (copied_by, created_date_time, dispatcher, issued_by, issued_date_time, last_modified_date_time, limits_clear_at, limits_clear_by, line10checked, line11from, line11to, line12from, line12to, line13from, line13mph, line13to, line14from, line14mph, line14to, line15checked, line16text, line17text, line1void_number, line2from, line2to, line2track, line3from, line3to, line3track, line4from, line4to, line4track, line5until, line6time, line7at, line7train, line8checked, line9ahead, location, ok_time, relayed_to, starting_location, status, train_crew, train_id, warrant_date, warrant_id, warrant_number, id) 
    values
        (?, ?, ?, ?, ?, ?, ?, ?, ?, ?, ?, ?, ?, ?, ?, ?, ?, ?, ?, ?, ?, ?, ?, ?, ?, ?, ?, ?, ?, ?, ?, ?, ?, ?, ?, ?, ?, ?, ?, ?, ?, ?, ?, ?, ?, ?, ?, ?, default)
Hibernate: 
    select
        count(*) 
    from
        track_warrants tw1_0
2026-03-14T02:55:25.149Z  INFO 5034 --- [TrackWarrants] [           main] o.t.t.main.config.DataInitializer        : Sample data initialized. Created 3 track warrants.
2026-03-14T02:56:03.062Z  INFO 5034 --- [TrackWarrants] [nio-8080-exec-1] o.a.c.c.C.[Tomcat].[localhost].[/]       : Initializing Spring DispatcherServlet 'dispatcherServlet'
2026-03-14T02:56:03.063Z  INFO 5034 --- [TrackWarrants] [nio-8080-exec-1] o.s.web.servlet.DispatcherServlet        : Initializing Servlet 'dispatcherServlet'
2026-03-14T02:56:03.064Z  INFO 5034 --- [TrackWarrants] [nio-8080-exec-1] o.s.web.servlet.DispatcherServlet        : Completed initialization in 1 ms
2026-03-14T02:56:03.104Z  INFO 5034 --- [TrackWarrants] [nio-8080-exec-1] o.t.t.m.c.TrackWarrantController         : GET /api/warrants - Fetching all warrants
2026-03-14T02:56:03.106Z DEBUG 5034 --- [TrackWarrants] [nio-8080-exec-1] o.t.t.main.service.TrackWarrantService   : Retrieving all track warrants
Hibernate: 
    select
        tw1_0.id,
        tw1_0.copied_by,
        tw1_0.created_date_time,
        tw1_0.dispatcher,
        tw1_0.issued_by,
        tw1_0.issued_date_time,
        tw1_0.last_modified_date_time,
        tw1_0.limits_clear_at,
        tw1_0.limits_clear_by,
        tw1_0.line10checked,
        tw1_0.line11from,
        tw1_0.line11to,
        tw1_0.line12from,
        tw1_0.line12to,
        tw1_0.line13from,
        tw1_0.line13mph,
        tw1_0.line13to,
        tw1_0.line14from,
        tw1_0.line14mph,
        tw1_0.line14to,
        tw1_0.line15checked,
        tw1_0.line16text,
        tw1_0.line17text,
        tw1_0.line1void_number,
        tw1_0.line2from,
        tw1_0.line2to,
        tw1_0.line2track,
        tw1_0.line3from,
        tw1_0.line3to,
        tw1_0.line3track,
        tw1_0.line4from,
        tw1_0.line4to,
        tw1_0.line4track,
        tw1_0.line5until,
        tw1_0.line6time,
        tw1_0.line7at,
        tw1_0.line7train,
        tw1_0.line8checked,
        tw1_0.line9ahead,
        tw1_0.location,
        tw1_0.ok_time,
        tw1_0.relayed_to,
        tw1_0.starting_location,
        tw1_0.status,
        tw1_0.train_crew,
        tw1_0.train_id,
        tw1_0.warrant_date,
        tw1_0.warrant_id,
        tw1_0.warrant_number 
    from
        track_warrants tw1_0
2026-03-14T02:56:08.897Z  INFO 5034 --- [TrackWarrants] [nio-8080-exec-2] o.t.t.m.c.TrackWarrantController         : PUT /api/warrants/2026-03-14-1/limits-clear - Recording limits clear
2026-03-14T02:56:08.898Z  INFO 5034 --- [TrackWarrants] [nio-8080-exec-2] o.t.t.main.service.TrackWarrantService   : Recording limits clear for warrant: 2026-03-14-1
Hibernate: 
    select
        tw1_0.id,
        tw1_0.copied_by,
        tw1_0.created_date_time,
        tw1_0.dispatcher,
        tw1_0.issued_by,
        tw1_0.issued_date_time,
        tw1_0.last_modified_date_time,
        tw1_0.limits_clear_at,
        tw1_0.limits_clear_by,
        tw1_0.line10checked,
        tw1_0.line11from,
        tw1_0.line11to,
        tw1_0.line12from,
        tw1_0.line12to,
        tw1_0.line13from,
        tw1_0.line13mph,
        tw1_0.line13to,
        tw1_0.line14from,
        tw1_0.line14mph,
        tw1_0.line14to,
        tw1_0.line15checked,
        tw1_0.line16text,
        tw1_0.line17text,
        tw1_0.line1void_number,
        tw1_0.line2from,
        tw1_0.line2to,
        tw1_0.line2track,
        tw1_0.line3from,
        tw1_0.line3to,
        tw1_0.line3track,
        tw1_0.line4from,
        tw1_0.line4to,
        tw1_0.line4track,
        tw1_0.line5until,
        tw1_0.line6time,
        tw1_0.line7at,
        tw1_0.line7train,
        tw1_0.line8checked,
        tw1_0.line9ahead,
        tw1_0.location,
        tw1_0.ok_time,
        tw1_0.relayed_to,
        tw1_0.starting_location,
        tw1_0.status,
        tw1_0.train_crew,
        tw1_0.train_id,
        tw1_0.warrant_date,
        tw1_0.warrant_id,
        tw1_0.warrant_number 
    from
        track_warrants tw1_0 
    where
        tw1_0.warrant_id=?
2026-03-14T02:56:08.918Z  INFO 5034 --- [TrackWarrants] [nio-8080-exec-2] o.t.t.main.service.TrackWarrantService   : Limits clear recorded and warrant voided: 2026-03-14-1
Hibernate: 
    update
        track_warrants 
    set
        copied_by=?,
        dispatcher=?,
        issued_by=?,
        issued_date_time=?,
        last_modified_date_time=?,
        limits_clear_at=?,
        limits_clear_by=?,
        line10checked=?,
        line11from=?,
        line11to=?,
        line12from=?,
        line12to=?,
        line13from=?,
        line13mph=?,
        line13to=?,
        line14from=?,
        line14mph=?,
        line14to=?,
        line15checked=?,
        line16text=?,
        line17text=?,
        line1void_number=?,
        line2from=?,
        line2to=?,
        line2track=?,
        line3from=?,
        line3to=?,
        line3track=?,
        line4from=?,
        line4to=?,
        line4track=?,
        line5until=?,
        line6time=?,
        line7at=?,
        line7train=?,
        line8checked=?,
        line9ahead=?,
        location=?,
        ok_time=?,
        relayed_to=?,
        starting_location=?,
        status=?,
        train_crew=?,
        train_id=?,
        warrant_date=?,
        warrant_id=?,
        warrant_number=? 
    where
        id=?
2026-03-14T02:56:18.297Z  INFO 5034 --- [TrackWarrants] [nio-8080-exec-4] o.t.t.m.c.TrackWarrantController         : GET /api/warrants/next-number
Hibernate: 
    select
        tw1_0.id,
        tw1_0.copied_by,
        tw1_0.created_date_time,
        tw1_0.dispatcher,
        tw1_0.issued_by,
        tw1_0.issued_date_time,
        tw1_0.last_modified_date_time,
        tw1_0.limits_clear_at,
        tw1_0.limits_clear_by,
        tw1_0.line10checked,
        tw1_0.line11from,
        tw1_0.line11to,
        tw1_0.line12from,
        tw1_0.line12to,
        tw1_0.line13from,
        tw1_0.line13mph,
        tw1_0.line13to,
        tw1_0.line14from,
        tw1_0.line14mph,
        tw1_0.line14to,
        tw1_0.line15checked,
        tw1_0.line16text,
        tw1_0.line17text,
        tw1_0.line1void_number,
        tw1_0.line2from,
        tw1_0.line2to,
        tw1_0.line2track,
        tw1_0.line3from,
        tw1_0.line3to,
        tw1_0.line3track,
        tw1_0.line4from,
        tw1_0.line4to,
        tw1_0.line4track,
        tw1_0.line5until,
        tw1_0.line6time,
        tw1_0.line7at,
        tw1_0.line7train,
        tw1_0.line8checked,
        tw1_0.line9ahead,
        tw1_0.location,
        tw1_0.ok_time,
        tw1_0.relayed_to,
        tw1_0.starting_location,
        tw1_0.status,
        tw1_0.train_crew,
        tw1_0.train_id,
        tw1_0.warrant_date,
        tw1_0.warrant_id,
        tw1_0.warrant_number 
    from
        track_warrants tw1_0 
    where
        tw1_0.warrant_date=?
2026-03-14T02:56:18.382Z  INFO 5034 --- [TrackWarrants] [nio-8080-exec-5] o.t.t.m.c.TrackWarrantController         : GET /api/warrants - Fetching all warrants
2026-03-14T02:56:18.383Z DEBUG 5034 --- [TrackWarrants] [nio-8080-exec-5] o.t.t.main.service.TrackWarrantService   : Retrieving all track warrants
Hibernate: 
    select
        tw1_0.id,
        tw1_0.copied_by,
        tw1_0.created_date_time,
        tw1_0.dispatcher,
        tw1_0.issued_by,
        tw1_0.issued_date_time,
        tw1_0.last_modified_date_time,
        tw1_0.limits_clear_at,
        tw1_0.limits_clear_by,
        tw1_0.line10checked,
        tw1_0.line11from,
        tw1_0.line11to,
        tw1_0.line12from,
        tw1_0.line12to,
        tw1_0.line13from,
        tw1_0.line13mph,
        tw1_0.line13to,
        tw1_0.line14from,
        tw1_0.line14mph,
        tw1_0.line14to,
        tw1_0.line15checked,
        tw1_0.line16text,
        tw1_0.line17text,
        tw1_0.line1void_number,
        tw1_0.line2from,
        tw1_0.line2to,
        tw1_0.line2track,
        tw1_0.line3from,
        tw1_0.line3to,
        tw1_0.line3track,
        tw1_0.line4from,
        tw1_0.line4to,
        tw1_0.line4track,
        tw1_0.line5until,
        tw1_0.line6time,
        tw1_0.line7at,
        tw1_0.line7train,
        tw1_0.line8checked,
        tw1_0.line9ahead,
        tw1_0.location,
        tw1_0.ok_time,
        tw1_0.relayed_to,
        tw1_0.starting_location,
        tw1_0.status,
        tw1_0.train_crew,
        tw1_0.train_id,
        tw1_0.warrant_date,
        tw1_0.warrant_id,
        tw1_0.warrant_number 
    from
        track_warrants tw1_0
2026-03-14T02:56:21.492Z  INFO 5034 --- [TrackWarrants] [nio-8080-exec-6] o.t.t.m.c.TrackWarrantController         : GET /api/warrants - Fetching all warrants
2026-03-14T02:56:21.493Z DEBUG 5034 --- [TrackWarrants] [nio-8080-exec-6] o.t.t.main.service.TrackWarrantService   : Retrieving all track warrants
Hibernate: 
    select
        tw1_0.id,
        tw1_0.copied_by,
        tw1_0.created_date_time,
        tw1_0.dispatcher,
        tw1_0.issued_by,
        tw1_0.issued_date_time,
        tw1_0.last_modified_date_time,
        tw1_0.limits_clear_at,
        tw1_0.limits_clear_by,
        tw1_0.line10checked,
        tw1_0.line11from,
        tw1_0.line11to,
        tw1_0.line12from,
        tw1_0.line12to,
        tw1_0.line13from,
        tw1_0.line13mph,
        tw1_0.line13to,
        tw1_0.line14from,
        tw1_0.line14mph,
        tw1_0.line14to,
        tw1_0.line15checked,
        tw1_0.line16text,
        tw1_0.line17text,
        tw1_0.line1void_number,
        tw1_0.line2from,
        tw1_0.line2to,
        tw1_0.line2track,
        tw1_0.line3from,
        tw1_0.line3to,
        tw1_0.line3track,
        tw1_0.line4from,
        tw1_0.line4to,
        tw1_0.line4track,
        tw1_0.line5until,
        tw1_0.line6time,
        tw1_0.line7at,
        tw1_0.line7train,
        tw1_0.line8checked,
        tw1_0.line9ahead,
        tw1_0.location,
        tw1_0.ok_time,
        tw1_0.relayed_to,
        tw1_0.starting_location,
        tw1_0.status,
        tw1_0.train_crew,
        tw1_0.train_id,
        tw1_0.warrant_date,
        tw1_0.warrant_id,
        tw1_0.warrant_number 
    from
        track_warrants tw1_0
